{"contracts/Voting.sol":{"l":{"46":0,"47":0,"55":0,"59":0,"66":0,"67":0,"69":0,"70":0,"84":0,"85":0,"88":0,"89":0,"90":0,"91":0,"97":0,"98":0,"99":0,"101":0,"102":0,"103":0,"105":0,"136":0,"137":0,"138":0,"142":0,"143":0,"144":0,"148":0,"149":0,"150":0,"154":0,"155":0,"156":0,"185":0,"186":0,"187":0,"188":0,"189":0,"192":0,"194":0,"195":0},"path":"/mnt/c/Users/alexk/desktop/solidity/VotingSystem/contracts/Voting.sol","s":{"1":0,"2":0,"3":0,"4":0,"5":0,"6":0,"7":0,"8":0,"9":0,"10":0,"11":0,"12":0,"13":0,"14":0,"15":0,"16":0,"17":0,"18":0,"19":0,"20":0,"21":0,"22":0,"23":0,"24":0,"25":0,"26":0,"27":0,"28":0,"29":0,"30":0,"31":0,"32":0,"33":0,"34":0,"35":0,"36":0,"37":0,"38":0,"39":0},"b":{"1":[0,0],"2":[0,0],"3":[0,0],"4":[0,0],"5":[0,0],"6":[0,0],"7":[0,0],"8":[0,0],"9":[0,0],"10":[0,0],"11":[0,0],"12":[0,0],"13":[0,0],"14":[0,0]},"f":{"1":0,"2":0,"3":0,"4":0,"5":0,"6":0,"7":0,"8":0,"9":0,"10":0,"11":0},"fnMap":{"1":{"name":"onlyVoters","line":45,"loc":{"start":{"line":45,"column":4},"end":{"line":48,"column":4}}},"2":{"name":"getVoter","line":54,"loc":{"start":{"line":54,"column":4},"end":{"line":56,"column":4}}},"3":{"name":"getOneProposal","line":58,"loc":{"start":{"line":58,"column":4},"end":{"line":60,"column":4}}},"4":{"name":"addVoter","line":65,"loc":{"start":{"line":65,"column":4},"end":{"line":71,"column":4}}},"5":{"name":"addProposal","line":83,"loc":{"start":{"line":83,"column":4},"end":{"line":92,"column":4}}},"6":{"name":"setVote","line":96,"loc":{"start":{"line":96,"column":4},"end":{"line":106,"column":4}}},"7":{"name":"startProposalsRegistering","line":135,"loc":{"start":{"line":135,"column":4},"end":{"line":139,"column":4}}},"8":{"name":"endProposalsRegistering","line":141,"loc":{"start":{"line":141,"column":4},"end":{"line":145,"column":4}}},"9":{"name":"startVotingSession","line":147,"loc":{"start":{"line":147,"column":4},"end":{"line":151,"column":4}}},"10":{"name":"endVotingSession","line":153,"loc":{"start":{"line":153,"column":4},"end":{"line":157,"column":4}}},"11":{"name":"tallyVotes","line":184,"loc":{"start":{"line":184,"column":3},"end":{"line":196,"column":4}}}},"statementMap":{"1":{"start":{"line":46,"column":8},"end":{"line":46,"column":69}},"2":{"start":{"line":55,"column":8},"end":{"line":55,"column":28}},"3":{"start":{"line":59,"column":8},"end":{"line":59,"column":34}},"4":{"start":{"line":66,"column":8},"end":{"line":66,"column":105}},"5":{"start":{"line":67,"column":8},"end":{"line":67,"column":72}},"6":{"start":{"line":69,"column":8},"end":{"line":69,"column":40}},"7":{"start":{"line":70,"column":8},"end":{"line":70,"column":35}},"8":{"start":{"line":84,"column":8},"end":{"line":84,"column":110}},"9":{"start":{"line":85,"column":8},"end":{"line":85,"column":112}},"10":{"start":{"line":88,"column":8},"end":{"line":88,"column":32}},"11":{"start":{"line":89,"column":8},"end":{"line":89,"column":35}},"12":{"start":{"line":90,"column":8},"end":{"line":90,"column":36}},"13":{"start":{"line":91,"column":8},"end":{"line":91,"column":56}},"14":{"start":{"line":97,"column":8},"end":{"line":97,"column":106}},"15":{"start":{"line":98,"column":8},"end":{"line":98,"column":77}},"16":{"start":{"line":99,"column":8},"end":{"line":99,"column":66}},"17":{"start":{"line":101,"column":8},"end":{"line":101,"column":47}},"18":{"start":{"line":102,"column":8},"end":{"line":102,"column":41}},"19":{"start":{"line":105,"column":8},"end":{"line":105,"column":35}},"20":{"start":{"line":136,"column":8},"end":{"line":136,"column":111}},"21":{"start":{"line":137,"column":8},"end":{"line":137,"column":67}},"22":{"start":{"line":138,"column":8},"end":{"line":138,"column":112}},"23":{"start":{"line":142,"column":8},"end":{"line":142,"column":121}},"24":{"start":{"line":143,"column":8},"end":{"line":143,"column":65}},"25":{"start":{"line":144,"column":8},"end":{"line":144,"column":121}},"26":{"start":{"line":148,"column":8},"end":{"line":148,"column":122}},"27":{"start":{"line":149,"column":8},"end":{"line":149,"column":59}},"28":{"start":{"line":150,"column":8},"end":{"line":150,"column":113}},"29":{"start":{"line":154,"column":8},"end":{"line":154,"column":106}},"30":{"start":{"line":155,"column":8},"end":{"line":155,"column":57}},"31":{"start":{"line":156,"column":8},"end":{"line":156,"column":105}},"32":{"start":{"line":185,"column":7},"end":{"line":185,"column":112}},"33":{"start":{"line":186,"column":7},"end":{"line":186,"column":30}},"34":{"start":{"line":187,"column":6},"end":{"line":187,"column":7088}},"35":{"start":{"line":188,"column":11},"end":{"line":188,"column":7156}},"36":{"start":{"line":189,"column":15},"end":{"line":189,"column":36}},"37":{"start":{"line":192,"column":7},"end":{"line":192,"column":44}},"38":{"start":{"line":194,"column":7},"end":{"line":194,"column":50}},"39":{"start":{"line":195,"column":7},"end":{"line":195,"column":96}}},"branchMap":{"1":{"line":46,"type":"if","locations":[{"start":{"line":46,"column":8},"end":{"line":46,"column":8}},{"start":{"line":46,"column":8},"end":{"line":46,"column":8}}]},"2":{"line":66,"type":"if","locations":[{"start":{"line":66,"column":8},"end":{"line":66,"column":8}},{"start":{"line":66,"column":8},"end":{"line":66,"column":8}}]},"3":{"line":67,"type":"if","locations":[{"start":{"line":67,"column":8},"end":{"line":67,"column":8}},{"start":{"line":67,"column":8},"end":{"line":67,"column":8}}]},"4":{"line":84,"type":"if","locations":[{"start":{"line":84,"column":8},"end":{"line":84,"column":8}},{"start":{"line":84,"column":8},"end":{"line":84,"column":8}}]},"5":{"line":85,"type":"if","locations":[{"start":{"line":85,"column":8},"end":{"line":85,"column":8}},{"start":{"line":85,"column":8},"end":{"line":85,"column":8}}]},"6":{"line":97,"type":"if","locations":[{"start":{"line":97,"column":8},"end":{"line":97,"column":8}},{"start":{"line":97,"column":8},"end":{"line":97,"column":8}}]},"7":{"line":98,"type":"if","locations":[{"start":{"line":98,"column":8},"end":{"line":98,"column":8}},{"start":{"line":98,"column":8},"end":{"line":98,"column":8}}]},"8":{"line":99,"type":"if","locations":[{"start":{"line":99,"column":8},"end":{"line":99,"column":8}},{"start":{"line":99,"column":8},"end":{"line":99,"column":8}}]},"9":{"line":136,"type":"if","locations":[{"start":{"line":136,"column":8},"end":{"line":136,"column":8}},{"start":{"line":136,"column":8},"end":{"line":136,"column":8}}]},"10":{"line":142,"type":"if","locations":[{"start":{"line":142,"column":8},"end":{"line":142,"column":8}},{"start":{"line":142,"column":8},"end":{"line":142,"column":8}}]},"11":{"line":148,"type":"if","locations":[{"start":{"line":148,"column":8},"end":{"line":148,"column":8}},{"start":{"line":148,"column":8},"end":{"line":148,"column":8}}]},"12":{"line":154,"type":"if","locations":[{"start":{"line":154,"column":8},"end":{"line":154,"column":8}},{"start":{"line":154,"column":8},"end":{"line":154,"column":8}}]},"13":{"line":185,"type":"if","locations":[{"start":{"line":185,"column":7},"end":{"line":185,"column":7}},{"start":{"line":185,"column":7},"end":{"line":185,"column":7}}]},"14":{"line":188,"type":"if","locations":[{"start":{"line":188,"column":11},"end":{"line":188,"column":11}},{"start":{"line":188,"column":11},"end":{"line":188,"column":11}}]}}}}